<?xml version="1.0" encoding="UTF-8"?>
<!-- Generated by org.testng.reporters.JUnitReportReporter -->
<testsuite hostname="HP" failures="0" tests="3" name="baby.janeman" time="0.022" errors="0" timestamp="2023-03-14T12:31:36 IST" skipped="0">
  <testcase classname="baby.janeman" name="search" time="0.007"/>
  <system-out/>
  <testcase classname="baby.janeman" name="login" time="0.006"/>
  <system-out/>
  <testcase classname="baby.janeman" name="homepage" time="0.009"/>
  <system-out/>
</testsuite> <!-- baby.janeman -->
