<?xml version="1.0" encoding="UTF-8"?>
<!-- Generated by org.testng.reporters.JUnitReportReporter -->
<testsuite hostname="HP" failures="0" tests="2" name="baby.apply" time="21.996" errors="0" timestamp="2023-03-17T13:33:00 IST" skipped="0">
  <testcase classname="baby.apply" name="login" time="16.222"/>
  <system-out/>
  <testcase classname="baby.apply" name="we" time="5.774"/>
  <system-out/>
</testsuite> <!-- baby.apply -->
