<?xml version="1.0" encoding="UTF-8"?>
<!-- Generated by org.testng.reporters.JUnitReportReporter -->
<testsuite hostname="HP" failures="0" tests="2" name="baby.guru" time="71.260" errors="0" timestamp="2023-03-20T10:54:14 IST" skipped="0">
  <testcase classname="baby.guru" name="login" time="27.131"/>
  <system-out/>
  <testcase classname="baby.guru" name="Register" time="44.129"/>
  <system-out/>
</testsuite> <!-- baby.guru -->
